Flutter crash report; please file at https://github.com/flutter/flutter/issues.

## command

flutter run -d chrome

## exception

StateError: Bad state: StreamSink is closed

```
#0      _StreamSinkImpl.add (dart:io/io_sink.dart:156:7)
#1      _Socket.add (dart:io-patch/socket_patch.dart:1759:38)
#2      _DetachedSocket.add (dart:_http/http_impl.dart:3062:13)
#3      _ByteAdapterSink.add (dart:convert/byte_conversion.dart:60:11)
#4      ByteConversionSinkBase.addSlice (dart:convert/byte_conversion.dart:45:5)
#5      _Utf8EncoderSink.addSlice (dart:convert/utf.dart:267:13)
#6      StringConversionSinkMixin.add (dart:convert/string_conversion.dart:165:5)
#7      SseConnection._setUpListener (package:sse/src/server/sse_handler.dart:73:15)
<asynchronous suspension>
#8      new SseConnection (package:sse/src/server/sse_handler.dart:53:15)
#9      SseHandler._createSseConnection.<anonymous closure> (package:sse/src/server/sse_handler.dart:161:26)
#10     _fromHttpRequest.onHijack.<anonymous closure> (package:shelf/shelf_io.dart:146:35)
#11     _rootRunUnary (dart:async/zone.dart:1141:38)
#12     _CustomZone.runUnary (dart:async/zone.dart:1034:19)
#13     _FutureListener.handleValue (dart:async/future_impl.dart:140:18)
#14     Future._propagateToListeners.handleValueCallback (dart:async/future_impl.dart:681:45)
#15     Future._propagateToListeners (dart:async/future_impl.dart:710:32)
#16     Future._completeWithValue (dart:async/future_impl.dart:525:5)
#17     Future._asyncComplete.<anonymous closure> (dart:async/future_impl.dart:555:7)
#18     _rootRun (dart:async/zone.dart:1133:13)
#19     _CustomZone.run (dart:async/zone.dart:1026:19)
#20     _CustomZone.runGuarded (dart:async/zone.dart:928:7)
#21     _CustomZone.bindCallbackGuarded.<anonymous closure> (dart:async/zone.dart:968:23)
#22     _microtaskLoop (dart:async/schedule_microtask.dart:43:21)
#23     _startMicrotaskLoop (dart:async/schedule_microtask.dart:52:5)
#24     _runPendingImmediateCallback (dart:isolate-patch/isolate_patch.dart:118:13)
#25     _RawReceivePortImpl._handleMessage (dart:isolate-patch/isolate_patch.dart:169:5)
```

## flutter doctor

```
[✓] Flutter (Channel dev, v1.16.1, on Mac OS X 10.14.6 18G103, locale en-US)
    • Flutter version 1.16.1 at /Users/manh/Documents/flutter
    • Framework revision e6b0f5f238 (6 days ago), 2020-03-18 21:56:02 -0400
    • Engine revision 216c420a2c
    • Dart version 2.8.0 (build 2.8.0-dev.15.0 96cf889e6b)

[✓] Android toolchain - develop for Android devices (Android SDK version 29.0.3)
    • Android SDK at /Users/manh/Library/Android/sdk
    • Android NDK location not configured (optional; useful for native profiling
      support)
    • Platform android-29, build-tools 29.0.3
    • Java binary at: /Applications/Android
      Studio.app/Contents/jre/jdk/Contents/Home/bin/java
    • Java version OpenJDK Runtime Environment (build
      1.8.0_152-release-1343-b01)
    • All Android licenses accepted.

[✓] Xcode - develop for iOS and macOS (Xcode 11.2.1)
    • Xcode at /Applications/Xcode.app/Contents/Developer
    • Xcode 11.2.1, Build version 11B500
    • CocoaPods version 1.9.0

[✓] Chrome - develop for the web
    • Chrome at /Applications/Google Chrome.app/Contents/MacOS/Google Chrome

[✓] Android Studio (version 3.4)
    • Android Studio at /Applications/Android Studio.app/Contents
    • Flutter plugin version 39.0.1
    • Dart plugin version 183.6270
    • Java version OpenJDK Runtime Environment (build
      1.8.0_152-release-1343-b01)

[✓] VS Code (version 1.41.1)
    • VS Code at /Applications/Visual Studio Code.app/Contents
    • Flutter extension version 3.8.1

[✓] Connected device (3 available)
    • macOS      • macOS      • darwin-x64     • Mac OS X 10.14.6 18G103
    • Chrome     • chrome     • web-javascript • Google Chrome 80.0.3987.122
    • Web Server • web-server • web-javascript • Flutter Tools

• No issues found!
```
